#! /usr/local/bin/vvp
:ivl_version "12.0 (devel)" "(s20150603-1626-g3b711ed78)";
:ivl_delay_selection "TYPICAL";
:vpi_time_precision + 0;
:vpi_module "/usr/local/lib/ivl/system.vpi";
:vpi_module "/usr/local/lib/ivl/vhdl_sys.vpi";
:vpi_module "/usr/local/lib/ivl/vhdl_textio.vpi";
:vpi_module "/usr/local/lib/ivl/v2005_math.vpi";
:vpi_module "/usr/local/lib/ivl/va_math.vpi";
S_0x562c5b85f050 .scope module, "encode_8b10b" "encode_8b10b" 2 16;
 .timescale 0 0;
    .port_info 0 /INPUT 1 "sbyteclk";
    .port_info 1 /INPUT 1 "control";
    .port_info 2 /INPUT 1 "reset";
    .port_info 3 /INPUT 8 "eight_bit_bus";
    .port_info 4 /OUTPUT 10 "ten_bit_bus";
    .port_info 5 /OUTPUT 1 "disparity";
o0x7fc5d3913cf8 .functor BUFZ 8, C4<zzzzzzzz>; HiZ drive
L_0x562c5b8656c0 .functor BUFZ 8, o0x7fc5d3913cf8, C4<00000000>, C4<00000000>, C4<00000000>;
L_0x562c5b856b90 .functor AND 1, L_0x562c5b8949a0, L_0x562c5b894900, C4<1>, C4<1>;
L_0x562c5b857820 .functor AND 1, L_0x562c5b8951f0, L_0x562c5b895290, C4<1>, C4<1>;
L_0x562c5b85aae0 .functor OR 1, L_0x562c5b856b90, L_0x562c5b857820, C4<0>, C4<0>;
L_0x562c5b895540 .functor AND 1, L_0x562c5b894820, L_0x562c5b894780, C4<1>, C4<1>;
L_0x562c5b895330 .functor AND 1, L_0x562c5b895650, L_0x562c5b8956f0, C4<1>, C4<1>;
L_0x562c5b8958f0 .functor OR 1, L_0x562c5b895540, L_0x562c5b895330, C4<0>, C4<0>;
L_0x562c5b895a00 .functor AND 1, L_0x562c5b8949a0, L_0x562c5b894900, C4<1>, C4<1>;
L_0x562c5b895b50 .functor AND 1, L_0x562c5b895a00, L_0x562c5b894820, C4<1>, C4<1>;
L_0x562c5b895c50 .functor AND 1, L_0x562c5b895b50, L_0x562c5b894780, C4<1>, C4<1>;
L_0x562c5b895f80 .functor AND 1, L_0x562c5b895db0, L_0x562c5b895e50, C4<1>, C4<1>;
L_0x562c5b896090 .functor AND 1, L_0x562c5b895f80, L_0x562c5b895ff0, C4<1>, C4<1>;
L_0x562c5b896300 .functor AND 1, L_0x562c5b896090, L_0x562c5b8961c0, C4<1>, C4<1>;
L_0x562c5b896650 .functor AND 1, L_0x562c5b896410, L_0x562c5b896500, C4<1>, C4<1>;
L_0x562c5b896150 .functor AND 1, L_0x562c5b896650, L_0x562c5b896260, C4<1>, C4<1>;
L_0x562c5b896ad0 .functor AND 1, L_0x562c5b896880, L_0x562c5b896a30, C4<1>, C4<1>;
L_0x562c5b896de0 .functor AND 1, L_0x562c5b896ad0, L_0x562c5b896c70, C4<1>, C4<1>;
L_0x562c5b896ef0 .functor OR 1, L_0x562c5b896150, L_0x562c5b896de0, C4<0>, C4<0>;
L_0x562c5b897140 .functor AND 1, L_0x562c5b8970a0, L_0x562c5b894820, C4<1>, C4<1>;
L_0x562c5b897200 .functor AND 1, L_0x562c5b897140, L_0x562c5b894780, C4<1>, C4<1>;
L_0x562c5b897450 .functor AND 1, L_0x562c5b897000, L_0x562c5b8949a0, C4<1>, C4<1>;
L_0x562c5b897510 .functor AND 1, L_0x562c5b897450, L_0x562c5b894900, C4<1>, C4<1>;
L_0x562c5b897690 .functor OR 1, L_0x562c5b897200, L_0x562c5b897510, C4<0>, C4<0>;
L_0x562c5b8977a0 .functor AND 1, L_0x562c5b8949a0, L_0x562c5b894900, C4<1>, C4<1>;
L_0x562c5b897cb0 .functor AND 1, L_0x562c5b8977a0, L_0x562c5b897b00, C4<1>, C4<1>;
L_0x562c5b898060 .functor AND 1, L_0x562c5b897cb0, L_0x562c5b897dc0, C4<1>, C4<1>;
L_0x562c5b898250 .functor AND 1, L_0x562c5b894820, L_0x562c5b894780, C4<1>, C4<1>;
L_0x562c5b898360 .functor AND 1, L_0x562c5b898250, L_0x562c5b8982c0, C4<1>, C4<1>;
L_0x562c5b898730 .functor AND 1, L_0x562c5b898360, L_0x562c5b898590, C4<1>, C4<1>;
L_0x562c5b898840 .functor OR 1, L_0x562c5b898060, L_0x562c5b898730, C4<0>, C4<0>;
L_0x562c5b898ca0 .functor AND 1, L_0x562c5b898a50, L_0x562c5b898af0, C4<1>, C4<1>;
L_0x562c5b898d10 .functor OR 1, L_0x562c5b898840, L_0x562c5b898ca0, C4<0>, C4<0>;
L_0x562c5b898f30 .functor AND 1, L_0x562c5b8946e0, L_0x562c5b894780, C4<1>, C4<1>;
L_0x562c5b899090 .functor AND 1, L_0x562c5b898f30, L_0x562c5b898ff0, C4<1>, C4<1>;
L_0x562c5b899480 .functor AND 1, L_0x562c5b899090, L_0x562c5b8992c0, C4<1>, C4<1>;
L_0x562c5b899630 .functor AND 1, L_0x562c5b899480, L_0x562c5b899590, C4<1>, C4<1>;
L_0x562c5b899240 .functor AND 1, L_0x562c5b8991a0, L_0x562c5b899360, C4<1>, C4<1>;
L_0x562c5b899c70 .functor AND 1, L_0x562c5b899240, L_0x562c5b899a40, C4<1>, C4<1>;
L_0x562c5b899ec0 .functor OR 1, L_0x562c5b899630, L_0x562c5b899c70, C4<0>, C4<0>;
L_0x562c5b899fd0 .functor BUFZ 1, L_0x562c5b899ec0, C4<0>, C4<0>, C4<0>;
L_0x562c5b89a280 .functor AND 1, L_0x562c5b8946e0, L_0x562c5b89a1e0, C4<1>, C4<1>;
L_0x562c5b89a530 .functor AND 1, L_0x562c5b89a280, L_0x562c5b89a2f0, C4<1>, C4<1>;
o0x7fc5d39139f8 .functor BUFZ 1, C4<z>; HiZ drive
L_0x562c5b89a7a0 .functor OR 1, o0x7fc5d39139f8, L_0x562c5b89a530, C4<0>, C4<0>;
L_0x562c5b89a900 .functor AND 1, L_0x562c5b8946e0, L_0x562c5b89a860, C4<1>, C4<1>;
L_0x562c5b89ace0 .functor AND 1, L_0x562c5b89a900, L_0x562c5b89aae0, C4<1>, C4<1>;
L_0x562c5b89adf0 .functor OR 1, o0x7fc5d39139f8, L_0x562c5b89ace0, C4<0>, C4<0>;
L_0x562c5b89b330 .functor AND 1, L_0x562c5b89b080, L_0x562c5b89b120, C4<1>, C4<1>;
L_0x562c5b89b440 .functor AND 1, L_0x562c5b89b330, L_0x562c5b894820, C4<1>, C4<1>;
L_0x562c5b89b690 .functor AND 1, L_0x562c5b89b440, L_0x562c5b894900, C4<1>, C4<1>;
L_0x562c5b89b750 .functor AND 1, L_0x562c5b89b690, L_0x562c5b8949a0, C4<1>, C4<1>;
L_0x562c5b89b9b0 .functor OR 1, L_0x562c5b89adf0, L_0x562c5b89b750, C4<0>, C4<0>;
L_0x562c5b89bac0 .functor AND 1, L_0x562c5b894640, L_0x562c5b894550, C4<1>, C4<1>;
L_0x562c5b89c040 .functor AND 1, L_0x562c5b89bd80, L_0x562c5b89be20, C4<1>, C4<1>;
L_0x562c5b89c420 .functor AND 1, L_0x562c5b89c150, L_0x562c5b89c1f0, C4<1>, C4<1>;
L_0x562c5b89c6f0 .functor AND 1, L_0x562c5b894640, L_0x562c5b89c650, C4<1>, C4<1>;
L_0x562c5b89c9f0 .functor AND 1, L_0x562c5b89c7b0, L_0x562c5b894550, C4<1>, C4<1>;
L_0x562c5b89cc80 .functor OR 1, L_0x562c5b89c6f0, L_0x562c5b89c9f0, C4<0>, C4<0>;
L_0x562c5b89cd90 .functor AND 1, o0x7fc5d39139f8, L_0x562c5b89cc80, C4<1>, C4<1>;
L_0x562c5b89d030 .functor OR 1, L_0x562c5b89c420, L_0x562c5b89cd90, C4<0>, C4<0>;
L_0x562c5b89d140 .functor AND 1, L_0x562c5b894640, L_0x562c5b894550, C4<1>, C4<1>;
L_0x562c5b89d3a0 .functor AND 1, L_0x562c5b89d140, L_0x562c5b8944b0, C4<1>, C4<1>;
L_0x562c5b89d4b0 .functor OR 1, L_0x562c5b8949a0, L_0x562c5b894900, C4<0>, C4<0>;
L_0x562c5b89d7c0 .functor OR 1, L_0x562c5b89d4b0, L_0x562c5b89d720, C4<0>, C4<0>;
L_0x562c5b89db20 .functor OR 1, L_0x562c5b89d7c0, L_0x562c5b89d8d0, C4<0>, C4<0>;
L_0x562c5b89dee0 .functor OR 1, L_0x562c5b89db20, L_0x562c5b89de40, C4<0>, C4<0>;
L_0x562c5b89dff0 .functor AND 1, o0x7fc5d39139f8, L_0x562c5b89dee0, C4<1>, C4<1>;
L_0x562c5b89e610 .functor OR 1, L_0x562c5b89e310, L_0x562c5b89e570, C4<0>, C4<0>;
L_0x562c5b89e990 .functor OR 1, L_0x562c5b89e610, L_0x562c5b89e720, C4<0>, C4<0>;
L_0x562c5b89ee80 .functor OR 1, L_0x562c5b89e990, L_0x562c5b89ecd0, C4<0>, C4<0>;
L_0x562c5b89f210 .functor OR 1, L_0x562c5b89ee80, L_0x562c5b89ef90, C4<0>, C4<0>;
L_0x562c5b89f560 .functor AND 1, L_0x562c5b89dff0, L_0x562c5b89f210, C4<1>, C4<1>;
L_0x562c5b89f670 .functor OR 1, L_0x562c5b899fd0, L_0x562c5b89a7a0, C4<0>, C4<0>;
L_0x562c5b89f9d0 .functor XOR 1, v0x562c5b88d970_0, L_0x562c5b89f670, C4<0>, C4<0>;
L_0x562c5b89fa90 .functor BUFZ 1, v0x562c5b88daf0_0, C4<0>, C4<0>, C4<0>;
L_0x562c5b89fd60 .functor OR 1, v0x562c5b88dbb0_0, v0x562c5b88dc70_0, C4<0>, C4<0>;
L_0x562c5b89fe30 .functor OR 1, v0x562c5b88dd30_0, v0x562c5b88ddf0_0, C4<0>, C4<0>;
L_0x562c5b8a01a0 .functor BUFZ 1, v0x562c5b88deb0_0, C4<0>, C4<0>, C4<0>;
L_0x562c5b8a0270 .functor AND 1, v0x562c5b88df70_0, v0x562c5b88e030_0, C4<1>, C4<1>;
L_0x562c5b8a05f0 .functor OR 1, v0x562c5b88e0f0_0, v0x562c5b88e1b0_0, C4<0>, C4<0>;
L_0x562c5b8a06f0 .functor OR 1, L_0x562c5b8a05f0, v0x562c5b88e270_0, C4<0>, C4<0>;
L_0x562c5b8a0a70 .functor OR 1, L_0x562c5b8a06f0, v0x562c5b88e330_0, C4<0>, C4<0>;
L_0x562c5b8a0c60 .functor AND 1, v0x562c5b88ed10_0, L_0x562c5b8a0b60, C4<1>, C4<1>;
L_0x562c5b8a1440 .functor OR 1, v0x562c5b88ef50_0, v0x562c5b88fa10_0, C4<0>, C4<0>;
v0x562c5b856cf0_0 .net "A", 0 0, L_0x562c5b8949a0;  1 drivers
v0x562c5b856dc0_0 .net "B", 0 0, L_0x562c5b894900;  1 drivers
v0x562c5b8579c0_0 .net "C", 0 0, L_0x562c5b894820;  1 drivers
v0x562c5b857a90_0 .net "D", 0 0, L_0x562c5b894780;  1 drivers
v0x562c5b85ac80_0 .net "E", 0 0, L_0x562c5b8946e0;  1 drivers
v0x562c5b85ad50_0 .net "F", 0 0, L_0x562c5b894640;  1 drivers
v0x562c5b886190_0 .net "G", 0 0, L_0x562c5b894550;  1 drivers
v0x562c5b886250_0 .net "H", 0 0, L_0x562c5b8944b0;  1 drivers
v0x562c5b886310_0 .net "NAO", 0 0, L_0x562c5b89fa90;  1 drivers
v0x562c5b8863d0_0 .net "NBO", 0 0, L_0x562c5b89fd60;  1 drivers
v0x562c5b886490_0 .net "NCO", 0 0, L_0x562c5b89fe30;  1 drivers
v0x562c5b886550_0 .net "NDO", 0 0, L_0x562c5b8a01a0;  1 drivers
v0x562c5b886610_0 .net "NEO", 0 0, L_0x562c5b8a0270;  1 drivers
v0x562c5b8866d0_0 .net "NIO", 0 0, L_0x562c5b8a0a70;  1 drivers
v0x562c5b886790_0 .net *"_ivl_10", 7 0, L_0x562c5b8656c0;  1 drivers
v0x562c5b886870_0 .net *"_ivl_101", 0 0, L_0x562c5b898250;  1 drivers
v0x562c5b886950_0 .net *"_ivl_104", 0 0, L_0x562c5b8982c0;  1 drivers
v0x562c5b886a10_0 .net *"_ivl_105", 0 0, L_0x562c5b898360;  1 drivers
v0x562c5b886af0_0 .net *"_ivl_108", 0 0, L_0x562c5b898590;  1 drivers
v0x562c5b886bb0_0 .net *"_ivl_109", 0 0, L_0x562c5b898730;  1 drivers
v0x562c5b886c90_0 .net *"_ivl_111", 0 0, L_0x562c5b898840;  1 drivers
v0x562c5b886d70_0 .net *"_ivl_114", 0 0, L_0x562c5b898a50;  1 drivers
v0x562c5b886e30_0 .net *"_ivl_116", 0 0, L_0x562c5b898af0;  1 drivers
v0x562c5b886ef0_0 .net *"_ivl_117", 0 0, L_0x562c5b898ca0;  1 drivers
v0x562c5b886fd0_0 .net *"_ivl_121", 0 0, L_0x562c5b898f30;  1 drivers
v0x562c5b8870b0_0 .net *"_ivl_124", 0 0, L_0x562c5b898ff0;  1 drivers
v0x562c5b887170_0 .net *"_ivl_125", 0 0, L_0x562c5b899090;  1 drivers
v0x562c5b887250_0 .net *"_ivl_128", 0 0, L_0x562c5b8992c0;  1 drivers
v0x562c5b887310_0 .net *"_ivl_129", 0 0, L_0x562c5b899480;  1 drivers
v0x562c5b8873f0_0 .net *"_ivl_132", 0 0, L_0x562c5b899590;  1 drivers
v0x562c5b8874b0_0 .net *"_ivl_133", 0 0, L_0x562c5b899630;  1 drivers
v0x562c5b887590_0 .net *"_ivl_136", 0 0, L_0x562c5b8991a0;  1 drivers
v0x562c5b887650_0 .net *"_ivl_138", 0 0, L_0x562c5b899360;  1 drivers
v0x562c5b887710_0 .net *"_ivl_139", 0 0, L_0x562c5b899240;  1 drivers
v0x562c5b8877f0_0 .net *"_ivl_142", 0 0, L_0x562c5b899a40;  1 drivers
v0x562c5b8878b0_0 .net *"_ivl_143", 0 0, L_0x562c5b899c70;  1 drivers
v0x562c5b887990_0 .net *"_ivl_15", 0 0, L_0x562c5b856b90;  1 drivers
v0x562c5b887a70_0 .net *"_ivl_150", 0 0, L_0x562c5b89a1e0;  1 drivers
v0x562c5b887b30_0 .net *"_ivl_151", 0 0, L_0x562c5b89a280;  1 drivers
v0x562c5b887c10_0 .net *"_ivl_154", 0 0, L_0x562c5b89a2f0;  1 drivers
v0x562c5b887cd0_0 .net *"_ivl_155", 0 0, L_0x562c5b89a530;  1 drivers
v0x562c5b887db0_0 .net *"_ivl_160", 0 0, L_0x562c5b89a860;  1 drivers
v0x562c5b887e70_0 .net *"_ivl_161", 0 0, L_0x562c5b89a900;  1 drivers
v0x562c5b887f50_0 .net *"_ivl_164", 0 0, L_0x562c5b89aae0;  1 drivers
v0x562c5b888010_0 .net *"_ivl_165", 0 0, L_0x562c5b89ace0;  1 drivers
v0x562c5b8880f0_0 .net *"_ivl_167", 0 0, L_0x562c5b89adf0;  1 drivers
v0x562c5b8881d0_0 .net *"_ivl_170", 0 0, L_0x562c5b89b080;  1 drivers
v0x562c5b888290_0 .net *"_ivl_172", 0 0, L_0x562c5b89b120;  1 drivers
v0x562c5b888350_0 .net *"_ivl_173", 0 0, L_0x562c5b89b330;  1 drivers
v0x562c5b888430_0 .net *"_ivl_175", 0 0, L_0x562c5b89b440;  1 drivers
v0x562c5b888510_0 .net *"_ivl_177", 0 0, L_0x562c5b89b690;  1 drivers
v0x562c5b8885f0_0 .net *"_ivl_179", 0 0, L_0x562c5b89b750;  1 drivers
v0x562c5b8886d0_0 .net *"_ivl_18", 0 0, L_0x562c5b8951f0;  1 drivers
v0x562c5b888790_0 .net *"_ivl_186", 0 0, L_0x562c5b89bd80;  1 drivers
v0x562c5b888850_0 .net *"_ivl_188", 0 0, L_0x562c5b89be20;  1 drivers
v0x562c5b888910_0 .net *"_ivl_192", 0 0, L_0x562c5b89c150;  1 drivers
v0x562c5b8889d0_0 .net *"_ivl_194", 0 0, L_0x562c5b89c1f0;  1 drivers
v0x562c5b888a90_0 .net *"_ivl_195", 0 0, L_0x562c5b89c420;  1 drivers
v0x562c5b888b70_0 .net *"_ivl_198", 0 0, L_0x562c5b89c650;  1 drivers
v0x562c5b888c30_0 .net *"_ivl_199", 0 0, L_0x562c5b89c6f0;  1 drivers
v0x562c5b888d10_0 .net *"_ivl_20", 0 0, L_0x562c5b895290;  1 drivers
v0x562c5b888dd0_0 .net *"_ivl_202", 0 0, L_0x562c5b89c7b0;  1 drivers
v0x562c5b888e90_0 .net *"_ivl_203", 0 0, L_0x562c5b89c9f0;  1 drivers
v0x562c5b888f70_0 .net *"_ivl_205", 0 0, L_0x562c5b89cc80;  1 drivers
v0x562c5b889050_0 .net *"_ivl_207", 0 0, L_0x562c5b89cd90;  1 drivers
v0x562c5b889540_0 .net *"_ivl_21", 0 0, L_0x562c5b857820;  1 drivers
v0x562c5b889620_0 .net *"_ivl_211", 0 0, L_0x562c5b89d140;  1 drivers
v0x562c5b889700_0 .net *"_ivl_215", 0 0, L_0x562c5b89d4b0;  1 drivers
v0x562c5b8897e0_0 .net *"_ivl_218", 0 0, L_0x562c5b89d720;  1 drivers
v0x562c5b8898a0_0 .net *"_ivl_219", 0 0, L_0x562c5b89d7c0;  1 drivers
v0x562c5b889980_0 .net *"_ivl_222", 0 0, L_0x562c5b89d8d0;  1 drivers
v0x562c5b889a40_0 .net *"_ivl_223", 0 0, L_0x562c5b89db20;  1 drivers
v0x562c5b889b20_0 .net *"_ivl_226", 0 0, L_0x562c5b89de40;  1 drivers
v0x562c5b889be0_0 .net *"_ivl_227", 0 0, L_0x562c5b89dee0;  1 drivers
v0x562c5b889cc0_0 .net *"_ivl_229", 0 0, L_0x562c5b89dff0;  1 drivers
v0x562c5b889da0_0 .net *"_ivl_232", 0 0, L_0x562c5b89e310;  1 drivers
v0x562c5b889e60_0 .net *"_ivl_234", 0 0, L_0x562c5b89e570;  1 drivers
v0x562c5b889f20_0 .net *"_ivl_235", 0 0, L_0x562c5b89e610;  1 drivers
v0x562c5b88a000_0 .net *"_ivl_238", 0 0, L_0x562c5b89e720;  1 drivers
v0x562c5b88a0c0_0 .net *"_ivl_239", 0 0, L_0x562c5b89e990;  1 drivers
v0x562c5b88a1a0_0 .net *"_ivl_242", 0 0, L_0x562c5b89ecd0;  1 drivers
v0x562c5b88a260_0 .net *"_ivl_243", 0 0, L_0x562c5b89ee80;  1 drivers
v0x562c5b88a340_0 .net *"_ivl_246", 0 0, L_0x562c5b89ef90;  1 drivers
v0x562c5b88a400_0 .net *"_ivl_247", 0 0, L_0x562c5b89f210;  1 drivers
v0x562c5b88a4e0_0 .net *"_ivl_25", 0 0, L_0x562c5b895540;  1 drivers
v0x562c5b88a5c0_0 .net *"_ivl_251", 0 0, L_0x562c5b89f670;  1 drivers
v0x562c5b88a6a0_0 .net *"_ivl_265", 0 0, L_0x562c5b8a05f0;  1 drivers
v0x562c5b88a780_0 .net *"_ivl_267", 0 0, L_0x562c5b8a06f0;  1 drivers
v0x562c5b88a860_0 .net *"_ivl_272", 0 0, L_0x562c5b8a0b60;  1 drivers
v0x562c5b88a920_0 .net *"_ivl_28", 0 0, L_0x562c5b895650;  1 drivers
v0x562c5b88a9e0_0 .net *"_ivl_30", 0 0, L_0x562c5b8956f0;  1 drivers
v0x562c5b88aaa0_0 .net *"_ivl_31", 0 0, L_0x562c5b895330;  1 drivers
v0x562c5b88ab80_0 .net *"_ivl_35", 0 0, L_0x562c5b895a00;  1 drivers
v0x562c5b88ac60_0 .net *"_ivl_37", 0 0, L_0x562c5b895b50;  1 drivers
v0x562c5b88ad40_0 .net *"_ivl_42", 0 0, L_0x562c5b895db0;  1 drivers
v0x562c5b88ae00_0 .net *"_ivl_44", 0 0, L_0x562c5b895e50;  1 drivers
v0x562c5b88aec0_0 .net *"_ivl_45", 0 0, L_0x562c5b895f80;  1 drivers
v0x562c5b88afa0_0 .net *"_ivl_48", 0 0, L_0x562c5b895ff0;  1 drivers
v0x562c5b88b060_0 .net *"_ivl_49", 0 0, L_0x562c5b896090;  1 drivers
v0x562c5b88b140_0 .net *"_ivl_52", 0 0, L_0x562c5b8961c0;  1 drivers
v0x562c5b88b200_0 .net *"_ivl_56", 0 0, L_0x562c5b896410;  1 drivers
v0x562c5b88b2c0_0 .net *"_ivl_58", 0 0, L_0x562c5b896500;  1 drivers
v0x562c5b88b380_0 .net *"_ivl_59", 0 0, L_0x562c5b896650;  1 drivers
v0x562c5b88b460_0 .net *"_ivl_62", 0 0, L_0x562c5b896260;  1 drivers
v0x562c5b88b520_0 .net *"_ivl_63", 0 0, L_0x562c5b896150;  1 drivers
v0x562c5b88b600_0 .net *"_ivl_66", 0 0, L_0x562c5b896880;  1 drivers
v0x562c5b88b6c0_0 .net *"_ivl_68", 0 0, L_0x562c5b896a30;  1 drivers
v0x562c5b88b780_0 .net *"_ivl_69", 0 0, L_0x562c5b896ad0;  1 drivers
v0x562c5b88b860_0 .net *"_ivl_72", 0 0, L_0x562c5b896c70;  1 drivers
v0x562c5b88b920_0 .net *"_ivl_73", 0 0, L_0x562c5b896de0;  1 drivers
v0x562c5b88ba00_0 .net *"_ivl_78", 0 0, L_0x562c5b8970a0;  1 drivers
v0x562c5b88bac0_0 .net *"_ivl_79", 0 0, L_0x562c5b897140;  1 drivers
v0x562c5b88bba0_0 .net *"_ivl_81", 0 0, L_0x562c5b897200;  1 drivers
v0x562c5b88bc80_0 .net *"_ivl_84", 0 0, L_0x562c5b897000;  1 drivers
v0x562c5b88bd40_0 .net *"_ivl_85", 0 0, L_0x562c5b897450;  1 drivers
v0x562c5b88be20_0 .net *"_ivl_87", 0 0, L_0x562c5b897510;  1 drivers
v0x562c5b88bf00_0 .net *"_ivl_91", 0 0, L_0x562c5b8977a0;  1 drivers
v0x562c5b88bfe0_0 .net *"_ivl_94", 0 0, L_0x562c5b897b00;  1 drivers
v0x562c5b88c0a0_0 .net *"_ivl_95", 0 0, L_0x562c5b897cb0;  1 drivers
v0x562c5b88c180_0 .net *"_ivl_98", 0 0, L_0x562c5b897dc0;  1 drivers
v0x562c5b88c240_0 .net *"_ivl_99", 0 0, L_0x562c5b898060;  1 drivers
v0x562c5b88c320_0 .var "a", 0 0;
v0x562c5b88c3e0_0 .net "ab", 0 0, L_0x562c5b85aae0;  1 drivers
v0x562c5b88c4a0_0 .var "b", 0 0;
o0x7fc5d3913758 .functor BUFZ 1, C4<z>; HiZ drive
v0x562c5b88c560_0 .net "b_a", 0 0, o0x7fc5d3913758;  0 drivers
o0x7fc5d3913788 .functor BUFZ 1, C4<z>; HiZ drive
v0x562c5b88c620_0 .net "b_b", 0 0, o0x7fc5d3913788;  0 drivers
o0x7fc5d39137b8 .functor BUFZ 1, C4<z>; HiZ drive
v0x562c5b88c6e0_0 .net "b_c", 0 0, o0x7fc5d39137b8;  0 drivers
o0x7fc5d39137e8 .functor BUFZ 1, C4<z>; HiZ drive
v0x562c5b88c7a0_0 .net "b_d", 0 0, o0x7fc5d39137e8;  0 drivers
o0x7fc5d3913818 .functor BUFZ 1, C4<z>; HiZ drive
v0x562c5b88c860_0 .net "b_e", 0 0, o0x7fc5d3913818;  0 drivers
v0x562c5b88d130_0 .net "b_f", 0 0, L_0x562c5b8a0c60;  1 drivers
v0x562c5b88d1f0_0 .net "b_g", 0 0, v0x562c5b88edd0_0;  1 drivers
v0x562c5b88d2b0_0 .net "b_h", 0 0, v0x562c5b88ee90_0;  1 drivers
o0x7fc5d39138d8 .functor BUFZ 1, C4<z>; HiZ drive
v0x562c5b88d370_0 .net "b_i", 0 0, o0x7fc5d39138d8;  0 drivers
v0x562c5b88d430_0 .net "b_j", 0 0, L_0x562c5b8a1440;  1 drivers
v0x562c5b88d4f0_0 .var "c", 0 0;
v0x562c5b88d5b0_0 .net "cd", 0 0, L_0x562c5b8958f0;  1 drivers
v0x562c5b88d670_0 .var "compls4", 0 0;
v0x562c5b88d730_0 .var "compls6", 0 0;
v0x562c5b88d7f0_0 .net "control", 0 0, o0x7fc5d39139f8;  0 drivers
v0x562c5b88d8b0_0 .var "d", 0 0;
v0x562c5b88d970_0 .var "disparity", 0 0;
v0x562c5b88da30_0 .var "e", 0 0;
v0x562c5b88daf0_0 .var "eNAO", 0 0;
v0x562c5b88dbb0_0 .var "eNBOx", 0 0;
v0x562c5b88dc70_0 .var "eNBOy", 0 0;
v0x562c5b88dd30_0 .var "eNCOx", 0 0;
v0x562c5b88ddf0_0 .var "eNCOy", 0 0;
v0x562c5b88deb0_0 .var "eNDO", 0 0;
v0x562c5b88df70_0 .var "eNEOx", 0 0;
v0x562c5b88e030_0 .var "eNEOy", 0 0;
v0x562c5b88e0f0_0 .var "eNIOw", 0 0;
v0x562c5b88e1b0_0 .var "eNIOx", 0 0;
v0x562c5b88e270_0 .var "eNIOy", 0 0;
v0x562c5b88e330_0 .var "eNIOz", 0 0;
v0x562c5b88e3f0_0 .net "eight_bit_bus", 7 0, o0x7fc5d3913cf8;  0 drivers
v0x562c5b88e4d0_0 .var "f", 0 0;
v0x562c5b88e590_0 .net "forbid_comb", 0 0, L_0x562c5b89f560;  1 drivers
v0x562c5b88e650_0 .var "g", 0 0;
v0x562c5b88e710_0 .var "h", 0 0;
v0x562c5b88e7d0_0 .var "i", 0 0;
v0x562c5b88e890_0 .var "j", 0 0;
v0x562c5b88e950_0 .net "l04", 0 0, L_0x562c5b896300;  1 drivers
v0x562c5b88ea10_0 .net "l13", 0 0, L_0x562c5b896ef0;  1 drivers
v0x562c5b88ead0_0 .net "l22", 0 0, L_0x562c5b898d10;  1 drivers
v0x562c5b88eb90_0 .net "l31", 0 0, L_0x562c5b897690;  1 drivers
v0x562c5b88ec50_0 .net "l40", 0 0, L_0x562c5b895c50;  1 drivers
v0x562c5b88ed10_0 .var "lf", 0 0;
v0x562c5b88edd0_0 .var "lg", 0 0;
v0x562c5b88ee90_0 .var "lh", 0 0;
v0x562c5b88ef50_0 .var "lj", 0 0;
v0x562c5b88f010_0 .net "nd1s4", 0 0, L_0x562c5b89bac0;  1 drivers
v0x562c5b88f0d0_0 .net "nd1s6", 0 0, L_0x562c5b89b9b0;  1 drivers
v0x562c5b88f190_0 .net "ndos4", 0 0, L_0x562c5b89c040;  1 drivers
v0x562c5b88f250_0 .net "ndos6", 0 0, L_0x562c5b899fd0;  1 drivers
v0x562c5b88f310_0 .net "parity_check", 0 0, L_0x562c5b89f9d0;  1 drivers
v0x562c5b88f3d0_0 .net "pd1s4", 0 0, L_0x562c5b89d030;  1 drivers
v0x562c5b88f490_0 .net "pd1s6", 0 0, L_0x562c5b899ec0;  1 drivers
v0x562c5b88f550_0 .net "pdos4", 0 0, L_0x562c5b89d3a0;  1 drivers
v0x562c5b88f610_0 .net "pdos6", 0 0, L_0x562c5b89a7a0;  1 drivers
o0x7fc5d39141a8 .functor BUFZ 1, C4<z>; HiZ drive
v0x562c5b88f6d0_0 .net "reset", 0 0, o0x7fc5d39141a8;  0 drivers
o0x7fc5d39141d8 .functor BUFZ 1, C4<z>; HiZ drive
v0x562c5b88f790_0 .net "sbyteclk", 0 0, o0x7fc5d39141d8;  0 drivers
v0x562c5b88f850_0 .net "setValues", 9 0, L_0x562c5b894e50;  1 drivers
v0x562c5b88f930_0 .net "ten_bit_bus", 9 0, L_0x562c5b894ba0;  1 drivers
v0x562c5b88fa10_0 .var "tmp", 0 0;
E_0x562c5b80e5e0 .event posedge, v0x562c5b88f6d0_0, v0x562c5b88f790_0;
L_0x562c5b8944b0 .part L_0x562c5b8656c0, 7, 1;
L_0x562c5b894550 .part L_0x562c5b8656c0, 6, 1;
L_0x562c5b894640 .part L_0x562c5b8656c0, 5, 1;
L_0x562c5b8946e0 .part L_0x562c5b8656c0, 4, 1;
L_0x562c5b894780 .part L_0x562c5b8656c0, 3, 1;
L_0x562c5b894820 .part L_0x562c5b8656c0, 2, 1;
L_0x562c5b894900 .part L_0x562c5b8656c0, 1, 1;
L_0x562c5b8949a0 .part L_0x562c5b8656c0, 0, 1;
LS_0x562c5b894ba0_0_0 .concat [ 1 1 1 1], v0x562c5b88e890_0, v0x562c5b88e7d0_0, v0x562c5b88e710_0, v0x562c5b88e650_0;
LS_0x562c5b894ba0_0_4 .concat [ 1 1 1 1], v0x562c5b88e4d0_0, v0x562c5b88da30_0, v0x562c5b88d8b0_0, v0x562c5b88d4f0_0;
LS_0x562c5b894ba0_0_8 .concat [ 1 1 0 0], v0x562c5b88c4a0_0, v0x562c5b88c320_0;
L_0x562c5b894ba0 .concat [ 4 4 2 0], LS_0x562c5b894ba0_0_0, LS_0x562c5b894ba0_0_4, LS_0x562c5b894ba0_0_8;
LS_0x562c5b894e50_0_0 .concat [ 1 1 1 1], L_0x562c5b8a1440, v0x562c5b88ee90_0, v0x562c5b88edd0_0, L_0x562c5b8a0c60;
LS_0x562c5b894e50_0_4 .concat [ 1 1 1 1], o0x7fc5d39138d8, o0x7fc5d3913818, o0x7fc5d39137e8, o0x7fc5d39137b8;
LS_0x562c5b894e50_0_8 .concat [ 1 1 0 0], o0x7fc5d3913788, o0x7fc5d3913758;
L_0x562c5b894e50 .concat [ 4 4 2 0], LS_0x562c5b894e50_0_0, LS_0x562c5b894e50_0_4, LS_0x562c5b894e50_0_8;
L_0x562c5b8951f0 .reduce/nor L_0x562c5b8949a0;
L_0x562c5b895290 .reduce/nor L_0x562c5b894900;
L_0x562c5b895650 .reduce/nor L_0x562c5b894820;
L_0x562c5b8956f0 .reduce/nor L_0x562c5b894780;
L_0x562c5b895db0 .reduce/nor L_0x562c5b8949a0;
L_0x562c5b895e50 .reduce/nor L_0x562c5b894900;
L_0x562c5b895ff0 .reduce/nor L_0x562c5b894820;
L_0x562c5b8961c0 .reduce/nor L_0x562c5b894780;
L_0x562c5b896410 .reduce/nor L_0x562c5b85aae0;
L_0x562c5b896500 .reduce/nor L_0x562c5b894820;
L_0x562c5b896260 .reduce/nor L_0x562c5b894780;
L_0x562c5b896880 .reduce/nor L_0x562c5b8958f0;
L_0x562c5b896a30 .reduce/nor L_0x562c5b8949a0;
L_0x562c5b896c70 .reduce/nor L_0x562c5b894900;
L_0x562c5b8970a0 .reduce/nor L_0x562c5b85aae0;
L_0x562c5b897000 .reduce/nor L_0x562c5b8958f0;
L_0x562c5b897b00 .reduce/nor L_0x562c5b894820;
L_0x562c5b897dc0 .reduce/nor L_0x562c5b894780;
L_0x562c5b8982c0 .reduce/nor L_0x562c5b8949a0;
L_0x562c5b898590 .reduce/nor L_0x562c5b894900;
L_0x562c5b898a50 .reduce/nor L_0x562c5b85aae0;
L_0x562c5b898af0 .reduce/nor L_0x562c5b8958f0;
L_0x562c5b898ff0 .reduce/nor L_0x562c5b894820;
L_0x562c5b8992c0 .reduce/nor L_0x562c5b894900;
L_0x562c5b899590 .reduce/nor L_0x562c5b8949a0;
L_0x562c5b8991a0 .reduce/nor L_0x562c5b8946e0;
L_0x562c5b899360 .reduce/nor L_0x562c5b898d10;
L_0x562c5b899a40 .reduce/nor L_0x562c5b897690;
L_0x562c5b89a1e0 .reduce/nor L_0x562c5b898d10;
L_0x562c5b89a2f0 .reduce/nor L_0x562c5b896ef0;
L_0x562c5b89a860 .reduce/nor L_0x562c5b898d10;
L_0x562c5b89aae0 .reduce/nor L_0x562c5b896ef0;
L_0x562c5b89b080 .reduce/nor L_0x562c5b8946e0;
L_0x562c5b89b120 .reduce/nor L_0x562c5b894780;
L_0x562c5b89bd80 .reduce/nor L_0x562c5b894640;
L_0x562c5b89be20 .reduce/nor L_0x562c5b894550;
L_0x562c5b89c150 .reduce/nor L_0x562c5b894640;
L_0x562c5b89c1f0 .reduce/nor L_0x562c5b894550;
L_0x562c5b89c650 .reduce/nor L_0x562c5b894550;
L_0x562c5b89c7b0 .reduce/nor L_0x562c5b894640;
L_0x562c5b89d720 .reduce/nor L_0x562c5b894820;
L_0x562c5b89d8d0 .reduce/nor L_0x562c5b894780;
L_0x562c5b89de40 .reduce/nor L_0x562c5b8946e0;
L_0x562c5b89e310 .reduce/nor L_0x562c5b894640;
L_0x562c5b89e570 .reduce/nor L_0x562c5b894550;
L_0x562c5b89e720 .reduce/nor L_0x562c5b8944b0;
L_0x562c5b89ecd0 .reduce/nor L_0x562c5b8946e0;
L_0x562c5b89ef90 .reduce/nor L_0x562c5b897690;
L_0x562c5b8a0b60 .reduce/nor v0x562c5b88fa10_0;
S_0x562c5b7de5d0 .scope module, "testbench" "testbench" 3 7;
 .timescale 0 0;
RS_0x7fc5d3914418 .resolv tri, v0x562c5b890470_0, v0x562c5b892960_0;
v0x562c5b893a50_0 .net8 "COL", 0 0, RS_0x7fc5d3914418;  2 drivers
v0x562c5b893b10_0 .net "GTX_CLK", 0 0, v0x562c5b891420_0;  1 drivers
v0x562c5b893bd0_0 .net "RESET", 0 0, v0x562c5b8914f0_0;  1 drivers
v0x562c5b893cc0_0 .net "TXD", 7 0, v0x562c5b8915c0_0;  1 drivers
v0x562c5b893db0_0 .net "TX_EN", 0 0, v0x562c5b891690_0;  1 drivers
v0x562c5b893ea0_0 .net "TX_ER", 0 0, v0x562c5b891780_0;  1 drivers
v0x562c5b893f90_0 .net "mr_main_reset", 0 0, v0x562c5b891820_0;  1 drivers
v0x562c5b894030_0 .net "power_on", 0 0, v0x562c5b8918f0_0;  1 drivers
v0x562c5b894120_0 .net "receiving", 0 0, v0x562c5b891990_0;  1 drivers
RS_0x7fc5d3914628 .resolv tri, v0x562c5b890d90_0, v0x562c5b8933b0_0;
v0x562c5b8941c0_0 .net8 "transmitting", 0 0, RS_0x7fc5d3914628;  2 drivers
v0x562c5b894260_0 .net "tx_code_group", 9 0, v0x562c5b8934a0_0;  1 drivers
v0x562c5b894300_0 .net "tx_o_set", 7 0, v0x562c5b890f10_0;  1 drivers
v0x562c5b8943c0_0 .net "xmit", 0 0, v0x562c5b891e20_0;  1 drivers
S_0x562c5b851ff0 .scope module, "dut_tx" "transmit" 3 26, 4 7 0, S_0x562c5b7de5d0;
 .timescale 0 0;
    .port_info 0 /INPUT 1 "mr_main_reset";
    .port_info 1 /INPUT 1 "GTX_CLK";
    .port_info 2 /INPUT 1 "TX_EN";
    .port_info 3 /INPUT 1 "TX_ER";
    .port_info 4 /INPUT 1 "receiving";
    .port_info 5 /INPUT 1 "xmit";
    .port_info 6 /INPUT 8 "TXD";
    .port_info 7 /OUTPUT 1 "COL";
    .port_info 8 /OUTPUT 1 "transmitting";
    .port_info 9 /OUTPUT 8 "tx_o_set";
P_0x562c5b88fbb0 .param/l "END_of_Packet_NOEXT" 1 4 30, +C4<00000000000000000000000000000110>;
P_0x562c5b88fbf0 .param/l "EPD2_NOEXT" 1 4 31, +C4<00000000000000000000000000000111>;
P_0x562c5b88fc30 .param/l "FALSE" 1 4 22, +C4<00000000000000000000000000000000>;
P_0x562c5b88fc70 .param/l "IDLE" 1 4 25, +C4<00000000000000000000000000000001>;
P_0x562c5b88fcb0 .param/l "Start_of_Packet" 1 4 27, +C4<00000000000000000000000000000011>;
P_0x562c5b88fcf0 .param/l "TX_Data" 1 4 29, +C4<00000000000000000000000000000101>;
P_0x562c5b88fd30 .param/l "TX_Packet" 1 4 28, +C4<00000000000000000000000000000100>;
P_0x562c5b88fd70 .param/l "TX_Test_Xmit" 1 4 24, +C4<00000000000000000000000000000000>;
P_0x562c5b88fdb0 .param/l "XMIT_Data" 1 4 26, +C4<00000000000000000000000000000010>;
v0x562c5b890470_0 .var "COL", 0 0;
v0x562c5b890550_0 .net "GTX_CLK", 0 0, v0x562c5b891420_0;  alias, 1 drivers
v0x562c5b890610_0 .net "TXD", 7 0, v0x562c5b8915c0_0;  alias, 1 drivers
v0x562c5b890700_0 .net "TX_EN", 0 0, v0x562c5b891690_0;  alias, 1 drivers
o0x7fc5d39144d8 .functor BUFZ 1, C4<z>; HiZ drive
v0x562c5b8907c0_0 .net "TX_ER", 0 0, o0x7fc5d39144d8;  0 drivers
v0x562c5b8908d0_0 .var "TX_OSET_indicate", 0 0;
v0x562c5b890990_0 .net "mr_main_reset", 0 0, v0x562c5b891820_0;  alias, 1 drivers
v0x562c5b890a50_0 .var "pcs_tx_state", 4 0;
v0x562c5b890b30_0 .var "power_on", 0 0;
v0x562c5b890bf0_0 .net "receiving", 0 0, v0x562c5b891990_0;  alias, 1 drivers
v0x562c5b890cb0_0 .var "state", 4 0;
v0x562c5b890d90_0 .var "transmitting", 0 0;
v0x562c5b890e50_0 .var "tx_even", 0 0;
v0x562c5b890f10_0 .var "tx_o_set", 7 0;
v0x562c5b890ff0_0 .net "xmit", 0 0, v0x562c5b891e20_0;  alias, 1 drivers
E_0x562c5b80fd00/0 .event anyedge, v0x562c5b890cb0_0, v0x562c5b890b30_0, v0x562c5b890990_0, v0x562c5b890ff0_0;
E_0x562c5b80fd00/1 .event anyedge, v0x562c5b890700_0, v0x562c5b890610_0, v0x562c5b890f10_0, v0x562c5b8908d0_0;
E_0x562c5b80fd00/2 .event anyedge, v0x562c5b890bf0_0;
E_0x562c5b80fd00 .event/or E_0x562c5b80fd00/0, E_0x562c5b80fd00/1, E_0x562c5b80fd00/2;
E_0x562c5b81b790 .event posedge, v0x562c5b890550_0;
S_0x562c5b852dd0 .scope function.vec4.s8, "VOID" "VOID" 4 140, 4 140 0, S_0x562c5b851ff0;
 .timescale 0 0;
; Variable VOID is vec4 return value of scope S_0x562c5b852dd0
v0x562c5b890390_0 .var "x", 7 0;
TD_testbench.dut_tx.VOID ;
    %load/vec4 v0x562c5b890700_0;
    %nor/r;
    %flag_set/vec4 9;
    %flag_get/vec4 9;
    %jmp/0 T_0.2, 9;
    %load/vec4 v0x562c5b890610_0;
    %pushi/vec4 15, 0, 8;
    %cmp/ne;
    %flag_get/vec4 4;
    %and;
T_0.2;
    %flag_set/vec4 8;
    %jmp/0xz  T_0.0, 8;
    %pushi/vec4 254, 0, 8;
    %ret/vec4 0, 0, 8;  Assign to VOID (store_vec4_to_lval)
    %jmp T_0.1;
T_0.0 ;
    %load/vec4 v0x562c5b890700_0;
    %flag_set/vec4 8;
    %jmp/0xz  T_0.3, 8;
    %pushi/vec4 254, 0, 8;
    %ret/vec4 0, 0, 8;  Assign to VOID (store_vec4_to_lval)
    %jmp T_0.4;
T_0.3 ;
    %load/vec4 v0x562c5b890390_0;
    %ret/vec4 0, 0, 8;  Assign to VOID (store_vec4_to_lval)
T_0.4 ;
T_0.1 ;
    %end;
S_0x562c5b854c50 .scope module, "tester_dut" "tester_tx" 3 53, 5 4 0, S_0x562c5b7de5d0;
 .timescale 0 0;
    .port_info 0 /INPUT 10 "tx_code_group";
    .port_info 1 /INPUT 1 "COL";
    .port_info 2 /INPUT 1 "transmitting";
    .port_info 3 /OUTPUT 8 "TXD";
    .port_info 4 /OUTPUT 1 "TX_EN";
    .port_info 5 /OUTPUT 1 "TX_ER";
    .port_info 6 /OUTPUT 1 "GTX_CLK";
    .port_info 7 /OUTPUT 1 "receiving";
    .port_info 8 /OUTPUT 1 "RESET";
    .port_info 9 /OUTPUT 1 "power_on";
    .port_info 10 /OUTPUT 1 "signal_detect";
    .port_info 11 /OUTPUT 16 "tx_config_reg";
    .port_info 12 /OUTPUT 1 "mr_main_reset";
    .port_info 13 /INPUT 8 "tx_o_set";
    .port_info 14 /OUTPUT 1 "xmit";
v0x562c5b891380_0 .net8 "COL", 0 0, RS_0x7fc5d3914418;  alias, 2 drivers
v0x562c5b891420_0 .var "GTX_CLK", 0 0;
v0x562c5b8914f0_0 .var "RESET", 0 0;
v0x562c5b8915c0_0 .var "TXD", 7 0;
v0x562c5b891690_0 .var "TX_EN", 0 0;
v0x562c5b891780_0 .var "TX_ER", 0 0;
v0x562c5b891820_0 .var "mr_main_reset", 0 0;
v0x562c5b8918f0_0 .var "power_on", 0 0;
v0x562c5b891990_0 .var "receiving", 0 0;
v0x562c5b891a60_0 .var "signal_detect", 0 0;
v0x562c5b891b00_0 .net8 "transmitting", 0 0, RS_0x7fc5d3914628;  alias, 2 drivers
v0x562c5b891bd0_0 .net "tx_code_group", 9 0, v0x562c5b8934a0_0;  alias, 1 drivers
v0x562c5b891c70_0 .var "tx_config_reg", 15 0;
v0x562c5b891d30_0 .net "tx_o_set", 7 0, v0x562c5b890f10_0;  alias, 1 drivers
v0x562c5b891e20_0 .var "xmit", 0 0;
S_0x562c5b855000 .scope module, "tx_dut" "TX_" 3 37, 6 7 0, S_0x562c5b7de5d0;
 .timescale 0 0;
    .port_info 0 /OUTPUT 10 "tx_code_group";
    .port_info 1 /OUTPUT 1 "COL";
    .port_info 2 /OUTPUT 1 "transmitting";
    .port_info 3 /INPUT 1 "TX_EN";
    .port_info 4 /INPUT 1 "TX_ER";
    .port_info 5 /INPUT 1 "GTX_CLK";
    .port_info 6 /INPUT 1 "receiving";
    .port_info 7 /INPUT 1 "RESET";
    .port_info 8 /INPUT 1 "power_on";
    .port_info 9 /INPUT 1 "mr_main_reset";
    .port_info 10 /INPUT 8 "tx_o_set";
P_0x562c5b8920c0 .param/l "DATA_GO" 1 6 48, +C4<00000000000000000000000000000011>;
P_0x562c5b892100 .param/l "GENERATE_CODE_GROUPS" 1 6 46, +C4<00000000000000000000000000000001>;
P_0x562c5b892140 .param/l "IDLE_DISPARITY_OK" 1 6 50, +C4<00000000000000000000000000000101>;
P_0x562c5b892180 .param/l "IDLE_DISPARITY_TEST" 1 6 49, +C4<00000000000000000000000000000100>;
P_0x562c5b8921c0 .param/l "IDLE_I2B" 1 6 51, +C4<00000000000000000000000000000110>;
P_0x562c5b892200 .param/l "SPECIAL_GO" 1 6 47, +C4<00000000000000000000000000000010>;
v0x562c5b892960_0 .var "COL", 0 0;
v0x562c5b892a70_0 .net "GTX_CLK", 0 0, v0x562c5b891420_0;  alias, 1 drivers
v0x562c5b892b80_0 .var "PUDR", 0 0;
v0x562c5b892c20_0 .net "RESET", 0 0, v0x562c5b8914f0_0;  alias, 1 drivers
v0x562c5b892cc0_0 .net "TX_EN", 0 0, v0x562c5b891690_0;  alias, 1 drivers
v0x562c5b892e00_0 .net "TX_ER", 0 0, v0x562c5b891780_0;  alias, 1 drivers
v0x562c5b892ea0_0 .var "cg_timer", 15 0;
v0x562c5b892f40_0 .var "encoder_K", 0 0;
v0x562c5b892fe0_0 .net "mr_main_reset", 0 0, v0x562c5b891820_0;  alias, 1 drivers
v0x562c5b893080_0 .var "pcs_tx_state", 4 0;
v0x562c5b893160_0 .net "power_on", 0 0, v0x562c5b8918f0_0;  alias, 1 drivers
v0x562c5b893200_0 .net "receiving", 0 0, v0x562c5b891990_0;  alias, 1 drivers
v0x562c5b8932f0_0 .var "st", 4 0;
v0x562c5b8933b0_0 .var "transmitting", 0 0;
v0x562c5b8934a0_0 .var "tx_code_group", 9 0;
v0x562c5b893560_0 .var "tx_disparity", 0 0;
v0x562c5b893600_0 .var "tx_even", 0 0;
v0x562c5b8936c0_0 .net "tx_o_set", 7 0, v0x562c5b890f10_0;  alias, 1 drivers
v0x562c5b8937d0_0 .var "tx_oset_indicate", 0 0;
E_0x562c5b7d1140 .event anyedge, v0x562c5b8932f0_0, v0x562c5b890f10_0, v0x562c5b893600_0, v0x562c5b893560_0;
S_0x562c5b892580 .scope function.vec4.s10, "ENCODE" "ENCODE" 6 173, 6 173 0, S_0x562c5b855000;
 .timescale 0 0;
; Variable ENCODE is vec4 return value of scope S_0x562c5b892580
v0x562c5b892880_0 .var "GMII_TXD", 7 0;
TD_testbench.tx_dut.ENCODE ;
    %load/vec4 v0x562c5b892880_0;
    %cmpi/e 0, 0, 8;
    %jmp/0xz  T_1.5, 4;
    %pushi/vec4 395, 0, 10;
    %ret/vec4 0, 0, 10;  Assign to ENCODE (store_vec4_to_lval)
    %jmp T_1.6;
T_1.5 ;
    %load/vec4 v0x562c5b892880_0;
    %cmpi/e 1, 0, 8;
    %jmp/0xz  T_1.7, 4;
    %pushi/vec4 555, 0, 10;
    %ret/vec4 0, 0, 10;  Assign to ENCODE (store_vec4_to_lval)
    %jmp T_1.8;
T_1.7 ;
    %load/vec4 v0x562c5b892880_0;
    %cmpi/e 2, 0, 8;
    %jmp/0xz  T_1.9, 4;
    %pushi/vec4 299, 0, 10;
    %ret/vec4 0, 0, 10;  Assign to ENCODE (store_vec4_to_lval)
    %jmp T_1.10;
T_1.9 ;
    %load/vec4 v0x562c5b892880_0;
    %cmpi/e 3, 0, 8;
    %jmp/0xz  T_1.11, 4;
    %pushi/vec4 788, 0, 10;
    %ret/vec4 0, 0, 10;  Assign to ENCODE (store_vec4_to_lval)
    %jmp T_1.12;
T_1.11 ;
    %load/vec4 v0x562c5b892880_0;
    %cmpi/e 66, 0, 8;
    %jmp/0xz  T_1.13, 4;
    %pushi/vec4 293, 0, 10;
    %ret/vec4 0, 0, 10;  Assign to ENCODE (store_vec4_to_lval)
    %jmp T_1.14;
T_1.13 ;
    %load/vec4 v0x562c5b892880_0;
    %cmpi/e 80, 0, 8;
    %jmp/0xz  T_1.15, 4;
    %pushi/vec4 581, 0, 10;
    %ret/vec4 0, 0, 10;  Assign to ENCODE (store_vec4_to_lval)
    %jmp T_1.16;
T_1.15 ;
    %load/vec4 v0x562c5b892880_0;
    %cmpi/e 154, 0, 8;
    %jmp/0xz  T_1.17, 4;
    %pushi/vec4 354, 0, 10;
    %ret/vec4 0, 0, 10;  Assign to ENCODE (store_vec4_to_lval)
    %jmp T_1.18;
T_1.17 ;
    %load/vec4 v0x562c5b892880_0;
    %cmpi/e 166, 0, 8;
    %jmp/0xz  T_1.19, 4;
    %pushi/vec4 410, 0, 10;
    %ret/vec4 0, 0, 10;  Assign to ENCODE (store_vec4_to_lval)
    %jmp T_1.20;
T_1.19 ;
    %load/vec4 v0x562c5b892880_0;
    %cmpi/e 181, 0, 8;
    %jmp/0xz  T_1.21, 4;
    %pushi/vec4 682, 0, 10;
    %ret/vec4 0, 0, 10;  Assign to ENCODE (store_vec4_to_lval)
    %jmp T_1.22;
T_1.21 ;
    %load/vec4 v0x562c5b892880_0;
    %cmpi/e 197, 0, 8;
    %jmp/0xz  T_1.23, 4;
    %pushi/vec4 662, 0, 10;
    %ret/vec4 0, 0, 10;  Assign to ENCODE (store_vec4_to_lval)
    %jmp T_1.24;
T_1.23 ;
    %pushi/vec4 0, 0, 10;
    %ret/vec4 0, 0, 10;  Assign to ENCODE (store_vec4_to_lval)
T_1.24 ;
T_1.22 ;
T_1.20 ;
T_1.18 ;
T_1.16 ;
T_1.14 ;
T_1.12 ;
T_1.10 ;
T_1.8 ;
T_1.6 ;
    %end;
    .scope S_0x562c5b85f050;
T_2 ;
    %wait E_0x562c5b80e5e0;
    %load/vec4 v0x562c5b88f6d0_0;
    %flag_set/vec4 8;
    %jmp/0xz  T_2.0, 8;
    %pushi/vec4 0, 0, 1;
    %assign/vec4 v0x562c5b88d970_0, 0;
    %pushi/vec4 0, 0, 10;
    %split/vec4 1;
    %assign/vec4 v0x562c5b88e890_0, 0;
    %split/vec4 1;
    %assign/vec4 v0x562c5b88e7d0_0, 0;
    %split/vec4 1;
    %assign/vec4 v0x562c5b88e710_0, 0;
    %split/vec4 1;
    %assign/vec4 v0x562c5b88e650_0, 0;
    %split/vec4 1;
    %assign/vec4 v0x562c5b88e4d0_0, 0;
    %split/vec4 1;
    %assign/vec4 v0x562c5b88da30_0, 0;
    %split/vec4 1;
    %assign/vec4 v0x562c5b88d8b0_0, 0;
    %split/vec4 1;
    %assign/vec4 v0x562c5b88d4f0_0, 0;
    %split/vec4 1;
    %assign/vec4 v0x562c5b88c4a0_0, 0;
    %assign/vec4 v0x562c5b88c320_0, 0;
    %jmp T_2.1;
T_2.0 ;
    %load/vec4 v0x562c5b88f550_0;
    %load/vec4 v0x562c5b88f190_0;
    %or;
    %load/vec4 v0x562c5b88f310_0;
    %xor;
    %assign/vec4 v0x562c5b88d970_0, 0;
    %load/vec4 v0x562c5b88c560_0;
    %load/vec4 v0x562c5b88d730_0;
    %xor;
    %load/vec4 v0x562c5b88c620_0;
    %load/vec4 v0x562c5b88d730_0;
    %xor;
    %concat/vec4; draw_concat_vec4
    %load/vec4 v0x562c5b88c6e0_0;
    %load/vec4 v0x562c5b88d730_0;
    %xor;
    %concat/vec4; draw_concat_vec4
    %load/vec4 v0x562c5b88c7a0_0;
    %load/vec4 v0x562c5b88d730_0;
    %xor;
    %concat/vec4; draw_concat_vec4
    %load/vec4 v0x562c5b88c860_0;
    %load/vec4 v0x562c5b88d730_0;
    %xor;
    %concat/vec4; draw_concat_vec4
    %load/vec4 v0x562c5b88d370_0;
    %load/vec4 v0x562c5b88d730_0;
    %xor;
    %concat/vec4; draw_concat_vec4
    %load/vec4 v0x562c5b88d130_0;
    %load/vec4 v0x562c5b88d670_0;
    %xor;
    %concat/vec4; draw_concat_vec4
    %load/vec4 v0x562c5b88d1f0_0;
    %load/vec4 v0x562c5b88d670_0;
    %xor;
    %concat/vec4; draw_concat_vec4
    %load/vec4 v0x562c5b88d2b0_0;
    %load/vec4 v0x562c5b88d670_0;
    %xor;
    %concat/vec4; draw_concat_vec4
    %load/vec4 v0x562c5b88d430_0;
    %load/vec4 v0x562c5b88d670_0;
    %xor;
    %concat/vec4; draw_concat_vec4
    %split/vec4 1;
    %assign/vec4 v0x562c5b88e890_0, 0;
    %split/vec4 1;
    %assign/vec4 v0x562c5b88e7d0_0, 0;
    %split/vec4 1;
    %assign/vec4 v0x562c5b88e710_0, 0;
    %split/vec4 1;
    %assign/vec4 v0x562c5b88e650_0, 0;
    %split/vec4 1;
    %assign/vec4 v0x562c5b88e4d0_0, 0;
    %split/vec4 1;
    %assign/vec4 v0x562c5b88da30_0, 0;
    %split/vec4 1;
    %assign/vec4 v0x562c5b88d8b0_0, 0;
    %split/vec4 1;
    %assign/vec4 v0x562c5b88d4f0_0, 0;
    %split/vec4 1;
    %assign/vec4 v0x562c5b88c4a0_0, 0;
    %assign/vec4 v0x562c5b88c320_0, 0;
T_2.1 ;
    %jmp T_2;
    .thread T_2;
    .scope S_0x562c5b85f050;
T_3 ;
    %wait E_0x562c5b80e5e0;
    %load/vec4 v0x562c5b88f6d0_0;
    %flag_set/vec4 8;
    %jmp/0xz  T_3.0, 8;
    %pushi/vec4 0, 0, 1;
    %assign/vec4 v0x562c5b88d670_0, 0;
    %pushi/vec4 0, 0, 1;
    %assign/vec4 v0x562c5b88d730_0, 0;
    %jmp T_3.1;
T_3.0 ;
    %load/vec4 v0x562c5b88f3d0_0;
    %load/vec4 v0x562c5b88f310_0;
    %nor/r;
    %and;
    %load/vec4 v0x562c5b88f010_0;
    %load/vec4 v0x562c5b88f310_0;
    %and;
    %or;
    %assign/vec4 v0x562c5b88d670_0, 0;
    %load/vec4 v0x562c5b88f490_0;
    %load/vec4 v0x562c5b88d970_0;
    %nor/r;
    %and;
    %load/vec4 v0x562c5b88f0d0_0;
    %load/vec4 v0x562c5b88d970_0;
    %and;
    %or;
    %assign/vec4 v0x562c5b88d730_0, 0;
T_3.1 ;
    %jmp T_3;
    .thread T_3;
    .scope S_0x562c5b85f050;
T_4 ;
    %wait E_0x562c5b80e5e0;
    %load/vec4 v0x562c5b88f6d0_0;
    %flag_set/vec4 8;
    %jmp/0xz  T_4.0, 8;
    %pushi/vec4 0, 0, 1;
    %assign/vec4 v0x562c5b88daf0_0, 0;
    %pushi/vec4 0, 0, 1;
    %assign/vec4 v0x562c5b88dbb0_0, 0;
    %pushi/vec4 0, 0, 1;
    %assign/vec4 v0x562c5b88dc70_0, 0;
    %pushi/vec4 0, 0, 1;
    %assign/vec4 v0x562c5b88dd30_0, 0;
    %pushi/vec4 0, 0, 1;
    %assign/vec4 v0x562c5b88ddf0_0, 0;
    %pushi/vec4 0, 0, 1;
    %assign/vec4 v0x562c5b88deb0_0, 0;
    %pushi/vec4 0, 0, 1;
    %assign/vec4 v0x562c5b88df70_0, 0;
    %pushi/vec4 0, 0, 1;
    %assign/vec4 v0x562c5b88e030_0, 0;
    %pushi/vec4 0, 0, 1;
    %assign/vec4 v0x562c5b88e0f0_0, 0;
    %pushi/vec4 0, 0, 1;
    %assign/vec4 v0x562c5b88e1b0_0, 0;
    %pushi/vec4 0, 0, 1;
    %assign/vec4 v0x562c5b88e270_0, 0;
    %pushi/vec4 0, 0, 1;
    %assign/vec4 v0x562c5b88e330_0, 0;
    %jmp T_4.1;
T_4.0 ;
    %load/vec4 v0x562c5b856cf0_0;
    %assign/vec4 v0x562c5b88daf0_0, 0;
    %load/vec4 v0x562c5b856dc0_0;
    %load/vec4 v0x562c5b88ec50_0;
    %nor/r;
    %and;
    %assign/vec4 v0x562c5b88dbb0_0, 0;
    %load/vec4 v0x562c5b88e950_0;
    %assign/vec4 v0x562c5b88dc70_0, 0;
    %load/vec4 v0x562c5b88e950_0;
    %load/vec4 v0x562c5b8579c0_0;
    %or;
    %assign/vec4 v0x562c5b88dd30_0, 0;
    %load/vec4 v0x562c5b85ac80_0;
    %load/vec4 v0x562c5b857a90_0;
    %and;
    %load/vec4 v0x562c5b8579c0_0;
    %nor/r;
    %and;
    %load/vec4 v0x562c5b856dc0_0;
    %nor/r;
    %and;
    %load/vec4 v0x562c5b856cf0_0;
    %nor/r;
    %and;
    %assign/vec4 v0x562c5b88ddf0_0, 0;
    %load/vec4 v0x562c5b857a90_0;
    %load/vec4 v0x562c5b856cf0_0;
    %load/vec4 v0x562c5b856dc0_0;
    %and;
    %load/vec4 v0x562c5b8579c0_0;
    %and;
    %nor/r;
    %and;
    %assign/vec4 v0x562c5b88deb0_0, 0;
    %load/vec4 v0x562c5b85ac80_0;
    %load/vec4 v0x562c5b88ea10_0;
    %or;
    %assign/vec4 v0x562c5b88df70_0, 0;
    %load/vec4 v0x562c5b85ac80_0;
    %load/vec4 v0x562c5b857a90_0;
    %and;
    %load/vec4 v0x562c5b8579c0_0;
    %nor/r;
    %and;
    %load/vec4 v0x562c5b856dc0_0;
    %nor/r;
    %and;
    %load/vec4 v0x562c5b856cf0_0;
    %nor/r;
    %and;
    %nor/r;
    %assign/vec4 v0x562c5b88e030_0, 0;
    %load/vec4 v0x562c5b88ead0_0;
    %load/vec4 v0x562c5b85ac80_0;
    %nor/r;
    %and;
    %load/vec4 v0x562c5b85ac80_0;
    %load/vec4 v0x562c5b88ec50_0;
    %and;
    %or;
    %assign/vec4 v0x562c5b88e0f0_0, 0;
    %load/vec4 v0x562c5b85ac80_0;
    %load/vec4 v0x562c5b857a90_0;
    %nor/r;
    %and;
    %load/vec4 v0x562c5b8579c0_0;
    %nor/r;
    %and;
    %load/vec4 v0x562c5b856cf0_0;
    %load/vec4 v0x562c5b856dc0_0;
    %and;
    %nor/r;
    %and;
    %assign/vec4 v0x562c5b88e1b0_0, 0;
    %load/vec4 v0x562c5b88d7f0_0;
    %load/vec4 v0x562c5b85ac80_0;
    %and;
    %load/vec4 v0x562c5b857a90_0;
    %and;
    %load/vec4 v0x562c5b8579c0_0;
    %and;
    %load/vec4 v0x562c5b856dc0_0;
    %nor/r;
    %and;
    %load/vec4 v0x562c5b856cf0_0;
    %nor/r;
    %and;
    %assign/vec4 v0x562c5b88e270_0, 0;
    %load/vec4 v0x562c5b85ac80_0;
    %load/vec4 v0x562c5b857a90_0;
    %nor/r;
    %and;
    %load/vec4 v0x562c5b8579c0_0;
    %and;
    %load/vec4 v0x562c5b856dc0_0;
    %nor/r;
    %and;
    %load/vec4 v0x562c5b856cf0_0;
    %nor/r;
    %and;
    %assign/vec4 v0x562c5b88e330_0, 0;
T_4.1 ;
    %jmp T_4;
    .thread T_4;
    .scope S_0x562c5b85f050;
T_5 ;
    %wait E_0x562c5b80e5e0;
    %load/vec4 v0x562c5b88f6d0_0;
    %flag_set/vec4 8;
    %jmp/0xz  T_5.0, 8;
    %pushi/vec4 0, 0, 1;
    %assign/vec4 v0x562c5b88fa10_0, 0;
    %pushi/vec4 0, 0, 1;
    %assign/vec4 v0x562c5b88ed10_0, 0;
    %pushi/vec4 0, 0, 1;
    %assign/vec4 v0x562c5b88edd0_0, 0;
    %pushi/vec4 0, 0, 1;
    %assign/vec4 v0x562c5b88ee90_0, 0;
    %pushi/vec4 0, 0, 1;
    %assign/vec4 v0x562c5b88ef50_0, 0;
    %jmp T_5.1;
T_5.0 ;
    %load/vec4 v0x562c5b85ad50_0;
    %load/vec4 v0x562c5b886190_0;
    %and;
    %load/vec4 v0x562c5b886250_0;
    %and;
    %load/vec4 v0x562c5b88d7f0_0;
    %load/vec4 v0x562c5b88d970_0;
    %flag_set/vec4 8;
    %jmp/0 T_5.2, 8;
    %load/vec4 v0x562c5b85ac80_0;
    %nor/r;
    %load/vec4 v0x562c5b857a90_0;
    %and;
    %load/vec4 v0x562c5b88eb90_0;
    %and;
    %jmp/1 T_5.3, 8;
T_5.2 ; End of true expr.
    %load/vec4 v0x562c5b85ac80_0;
    %load/vec4 v0x562c5b857a90_0;
    %nor/r;
    %and;
    %load/vec4 v0x562c5b88ea10_0;
    %and;
    %jmp/0 T_5.3, 8;
 ; End of false expr.
    %blend;
T_5.3;
    %or;
    %and;
    %assign/vec4 v0x562c5b88fa10_0, 0;
    %load/vec4 v0x562c5b85ad50_0;
    %assign/vec4 v0x562c5b88ed10_0, 0;
    %load/vec4 v0x562c5b886190_0;
    %load/vec4 v0x562c5b85ad50_0;
    %nor/r;
    %load/vec4 v0x562c5b886190_0;
    %nor/r;
    %and;
    %load/vec4 v0x562c5b886250_0;
    %nor/r;
    %and;
    %or;
    %assign/vec4 v0x562c5b88edd0_0, 0;
    %load/vec4 v0x562c5b886250_0;
    %assign/vec4 v0x562c5b88ee90_0, 0;
    %load/vec4 v0x562c5b886250_0;
    %nor/r;
    %load/vec4 v0x562c5b886190_0;
    %load/vec4 v0x562c5b85ad50_0;
    %xor;
    %and;
    %assign/vec4 v0x562c5b88ef50_0, 0;
T_5.1 ;
    %jmp T_5;
    .thread T_5;
    .scope S_0x562c5b851ff0;
T_6 ;
    %wait E_0x562c5b81b790;
    %load/vec4 v0x562c5b890990_0;
    %nor/r;
    %flag_set/vec4 8;
    %jmp/0xz  T_6.0, 8;
    %pushi/vec4 0, 0, 5;
    %assign/vec4 v0x562c5b890cb0_0, 0;
    %pushi/vec4 0, 0, 1;
    %assign/vec4 v0x562c5b890b30_0, 0;
    %jmp T_6.1;
T_6.0 ;
    %load/vec4 v0x562c5b890a50_0;
    %assign/vec4 v0x562c5b890cb0_0, 0;
T_6.1 ;
    %jmp T_6;
    .thread T_6;
    .scope S_0x562c5b851ff0;
T_7 ;
    %wait E_0x562c5b80fd00;
    %pushi/vec4 0, 0, 1;
    %assign/vec4 v0x562c5b890e50_0, 0;
    %pushi/vec4 1, 0, 1;
    %assign/vec4 v0x562c5b890b30_0, 0;
    %pushi/vec4 1, 0, 1;
    %assign/vec4 v0x562c5b8908d0_0, 0;
    %load/vec4 v0x562c5b890cb0_0;
    %store/vec4 v0x562c5b890a50_0, 0, 5;
    %load/vec4 v0x562c5b890b30_0;
    %load/vec4 v0x562c5b890990_0;
    %and;
    %load/vec4 v0x562c5b890ff0_0;
    %and;
    %flag_set/vec4 8;
    %jmp/0xz  T_7.0, 8;
    %load/vec4 v0x562c5b890cb0_0;
    %pad/u 32;
    %cmpi/e 0, 0, 32;
    %jmp/0xz  T_7.2, 4;
    %pushi/vec4 0, 0, 1;
    %store/vec4 v0x562c5b890d90_0, 0, 1;
    %pushi/vec4 0, 0, 1;
    %store/vec4 v0x562c5b890470_0, 0, 1;
    %load/vec4 v0x562c5b890ff0_0;
    %cmpi/e 1, 0, 1;
    %flag_get/vec4 4;
    %jmp/0 T_7.6, 4;
    %load/vec4 v0x562c5b890700_0;
    %and;
T_7.6;
    %flag_set/vec4 8;
    %jmp/0xz  T_7.4, 8;
    %pushi/vec4 1, 0, 5;
    %store/vec4 v0x562c5b890a50_0, 0, 5;
T_7.4 ;
    %load/vec4 v0x562c5b890ff0_0;
    %cmpi/e 1, 0, 1;
    %flag_get/vec4 4;
    %jmp/0 T_7.9, 4;
    %load/vec4 v0x562c5b890700_0;
    %nor/r;
    %and;
T_7.9;
    %flag_set/vec4 8;
    %jmp/0xz  T_7.7, 8;
    %pushi/vec4 2, 0, 5;
    %store/vec4 v0x562c5b890a50_0, 0, 5;
T_7.7 ;
T_7.2 ;
    %load/vec4 v0x562c5b890cb0_0;
    %pad/u 32;
    %cmpi/e 1, 0, 32;
    %jmp/0xz  T_7.10, 4;
    %load/vec4 v0x562c5b890610_0;
    %assign/vec4 v0x562c5b890f10_0, 0;
    %vpi_call 4 69 "$display", "IDLE %b", v0x562c5b890610_0 {0 0 0};
    %pushi/vec4 2, 0, 5;
    %store/vec4 v0x562c5b890a50_0, 0, 5;
T_7.10 ;
    %load/vec4 v0x562c5b890cb0_0;
    %pad/u 32;
    %cmpi/e 2, 0, 32;
    %jmp/0xz  T_7.12, 4;
    %vpi_call 4 75 "$display", "XMIT_DATA %b", v0x562c5b890f10_0 {0 0 0};
    %load/vec4 v0x562c5b890700_0;
    %flag_set/vec4 9;
    %flag_get/vec4 9;
    %jmp/0 T_7.16, 9;
    %load/vec4 v0x562c5b8908d0_0;
    %and;
T_7.16;
    %flag_set/vec4 8;
    %jmp/0xz  T_7.14, 8;
    %pushi/vec4 3, 0, 5;
    %store/vec4 v0x562c5b890a50_0, 0, 5;
T_7.14 ;
    %load/vec4 v0x562c5b890700_0;
    %nor/r;
    %flag_set/vec4 9;
    %flag_get/vec4 9;
    %jmp/0 T_7.19, 9;
    %load/vec4 v0x562c5b8908d0_0;
    %and;
T_7.19;
    %flag_set/vec4 8;
    %jmp/0xz  T_7.17, 8;
    %load/vec4 v0x562c5b890610_0;
    %assign/vec4 v0x562c5b890f10_0, 0;
    %pushi/vec4 2, 0, 5;
    %store/vec4 v0x562c5b890a50_0, 0, 5;
T_7.17 ;
T_7.12 ;
    %load/vec4 v0x562c5b890cb0_0;
    %pad/u 32;
    %cmpi/e 3, 0, 32;
    %jmp/0xz  T_7.20, 4;
    %vpi_call 4 88 "$display", "START" {0 0 0};
    %pushi/vec4 1, 0, 1;
    %store/vec4 v0x562c5b890d90_0, 0, 1;
    %load/vec4 v0x562c5b890bf0_0;
    %store/vec4 v0x562c5b890470_0, 0, 1;
    %load/vec4 v0x562c5b890610_0;
    %assign/vec4 v0x562c5b890f10_0, 0;
    %pushi/vec4 4, 0, 5;
    %store/vec4 v0x562c5b890a50_0, 0, 5;
T_7.20 ;
    %load/vec4 v0x562c5b890cb0_0;
    %pad/u 32;
    %cmpi/e 4, 0, 32;
    %jmp/0xz  T_7.22, 4;
    %load/vec4 v0x562c5b890700_0;
    %flag_set/vec4 8;
    %jmp/0xz  T_7.24, 8;
    %vpi_call 4 99 "$display", "TX_EN_Packet" {0 0 0};
    %pushi/vec4 5, 0, 5;
    %store/vec4 v0x562c5b890a50_0, 0, 5;
T_7.24 ;
    %load/vec4 v0x562c5b890700_0;
    %nor/r;
    %flag_set/vec4 8;
    %jmp/0xz  T_7.26, 8;
    %vpi_call 4 104 "$display", "Not TX_EN Packet" {0 0 0};
    %pushi/vec4 6, 0, 5;
    %store/vec4 v0x562c5b890a50_0, 0, 5;
T_7.26 ;
T_7.22 ;
    %load/vec4 v0x562c5b890cb0_0;
    %pad/u 32;
    %cmpi/e 5, 0, 32;
    %jmp/0xz  T_7.28, 4;
    %vpi_call 4 112 "$display", "TX_DATA" {0 0 0};
    %load/vec4 v0x562c5b890bf0_0;
    %store/vec4 v0x562c5b890470_0, 0, 1;
    %load/vec4 v0x562c5b890610_0;
    %store/vec4 v0x562c5b890f10_0, 0, 8;
    %pushi/vec4 4, 0, 5;
    %store/vec4 v0x562c5b890a50_0, 0, 5;
T_7.28 ;
    %load/vec4 v0x562c5b890cb0_0;
    %pad/u 32;
    %cmpi/e 6, 0, 32;
    %jmp/0xz  T_7.30, 4;
    %vpi_call 4 122 "$display", "ENd of Packet" {0 0 0};
    %load/vec4 v0x562c5b890610_0;
    %assign/vec4 v0x562c5b890f10_0, 0;
    %pushi/vec4 0, 0, 1;
    %store/vec4 v0x562c5b890470_0, 0, 1;
    %pushi/vec4 7, 0, 5;
    %store/vec4 v0x562c5b890a50_0, 0, 5;
T_7.30 ;
    %load/vec4 v0x562c5b890cb0_0;
    %pad/u 32;
    %cmpi/e 7, 0, 32;
    %jmp/0xz  T_7.32, 4;
    %vpi_call 4 129 "$display", "Ep2 NoExt" {0 0 0};
    %pushi/vec4 0, 0, 1;
    %store/vec4 v0x562c5b890d90_0, 0, 1;
    %pushi/vec4 247, 0, 8;
    %store/vec4 v0x562c5b890f10_0, 0, 8;
    %pushi/vec4 2, 0, 5;
    %store/vec4 v0x562c5b890a50_0, 0, 5;
T_7.32 ;
T_7.0 ;
    %jmp T_7;
    .thread T_7, $push;
    .scope S_0x562c5b855000;
T_8 ;
    %wait E_0x562c5b81b790;
    %load/vec4 v0x562c5b892fe0_0;
    %nor/r;
    %flag_set/vec4 8;
    %jmp/0xz  T_8.0, 8;
    %pushi/vec4 1, 0, 5;
    %assign/vec4 v0x562c5b8932f0_0, 0;
    %pushi/vec4 0, 0, 1;
    %assign/vec4 v0x562c5b8933b0_0, 0;
    %pushi/vec4 0, 0, 16;
    %assign/vec4 v0x562c5b892ea0_0, 0;
    %pushi/vec4 0, 0, 1;
    %assign/vec4 v0x562c5b893600_0, 0;
    %pushi/vec4 0, 0, 1;
    %assign/vec4 v0x562c5b892f40_0, 0;
    %pushi/vec4 0, 0, 10;
    %assign/vec4 v0x562c5b8934a0_0, 0;
    %jmp T_8.1;
T_8.0 ;
    %load/vec4 v0x562c5b893080_0;
    %assign/vec4 v0x562c5b8932f0_0, 0;
T_8.1 ;
    %jmp T_8;
    .thread T_8;
    .scope S_0x562c5b855000;
T_9 ;
    %wait E_0x562c5b7d1140;
    %load/vec4 v0x562c5b8932f0_0;
    %store/vec4 v0x562c5b893080_0, 0, 5;
    %load/vec4 v0x562c5b8932f0_0;
    %dup/vec4;
    %pushi/vec4 1, 0, 5;
    %cmp/u;
    %jmp/1 T_9.0, 6;
    %dup/vec4;
    %pushi/vec4 2, 0, 5;
    %cmp/u;
    %jmp/1 T_9.1, 6;
    %dup/vec4;
    %pushi/vec4 3, 0, 5;
    %cmp/u;
    %jmp/1 T_9.2, 6;
    %dup/vec4;
    %pushi/vec4 4, 0, 5;
    %cmp/u;
    %jmp/1 T_9.3, 6;
    %dup/vec4;
    %pushi/vec4 5, 0, 5;
    %cmp/u;
    %jmp/1 T_9.4, 6;
    %dup/vec4;
    %pushi/vec4 6, 0, 5;
    %cmp/u;
    %jmp/1 T_9.5, 6;
    %jmp T_9.6;
T_9.0 ;
    %pushi/vec4 0, 0, 1;
    %store/vec4 v0x562c5b8937d0_0, 0, 1;
    %vpi_call 6 86 "$display", "GENERATE CODE GROUPS" {0 0 0};
    %load/vec4 v0x562c5b8936c0_0;
    %cmpi/e 251, 0, 8;
    %jmp/1 T_9.10, 4;
    %flag_mov 8, 4;
    %load/vec4 v0x562c5b8936c0_0;
    %cmpi/e 247, 0, 8;
    %flag_or 4, 8;
T_9.10;
    %jmp/1 T_9.9, 4;
    %flag_mov 8, 4;
    %load/vec4 v0x562c5b8936c0_0;
    %cmpi/e 253, 0, 8;
    %flag_or 4, 8;
T_9.9;
    %jmp/0xz  T_9.7, 4;
    %vpi_call 6 88 "$display", "tx_o_set = %b", v0x562c5b8936c0_0 {0 0 0};
    %pushi/vec4 2, 0, 5;
    %store/vec4 v0x562c5b893080_0, 0, 5;
T_9.7 ;
    %load/vec4 v0x562c5b8936c0_0;
    %cmpi/e 0, 0, 8;
    %jmp/1 T_9.17, 4;
    %flag_mov 8, 4;
    %load/vec4 v0x562c5b8936c0_0;
    %cmpi/e 1, 0, 8;
    %flag_or 4, 8;
T_9.17;
    %jmp/1 T_9.16, 4;
    %flag_mov 8, 4;
    %load/vec4 v0x562c5b8936c0_0;
    %cmpi/e 80, 0, 8;
    %flag_or 4, 8;
T_9.16;
    %jmp/1 T_9.15, 4;
    %flag_mov 8, 4;
    %load/vec4 v0x562c5b8936c0_0;
    %cmpi/e 2, 0, 8;
    %flag_or 4, 8;
T_9.15;
    %jmp/1 T_9.14, 4;
    %flag_mov 8, 4;
    %load/vec4 v0x562c5b8936c0_0;
    %cmpi/e 3, 0, 8;
    %flag_or 4, 8;
T_9.14;
    %jmp/1 T_9.13, 4;
    %flag_mov 8, 4;
    %load/vec4 v0x562c5b8936c0_0;
    %cmpi/e 66, 0, 8;
    %flag_or 4, 8;
T_9.13;
    %jmp/0xz  T_9.11, 4;
    %pushi/vec4 3, 0, 5;
    %store/vec4 v0x562c5b893080_0, 0, 5;
T_9.11 ;
    %load/vec4 v0x562c5b8936c0_0;
    %cmpi/e 188, 0, 8;
    %jmp/0xz  T_9.18, 4;
    %vpi_call 6 98 "$display", "IDLE DISP" {0 0 0};
    %pushi/vec4 4, 0, 5;
    %store/vec4 v0x562c5b893080_0, 0, 5;
T_9.18 ;
    %jmp T_9.6;
T_9.1 ;
    %vpi_call 6 104 "$display", "SPECIAL" {0 0 0};
    %load/vec4 v0x562c5b8936c0_0;
    %cmpi/e 253, 0, 8;
    %jmp/0xz  T_9.20, 4;
    %pushi/vec4 279, 0, 10;
    %store/vec4 v0x562c5b8934a0_0, 0, 10;
    %pushi/vec4 1, 0, 5;
    %store/vec4 v0x562c5b893080_0, 0, 5;
    %jmp T_9.21;
T_9.20 ;
    %load/vec4 v0x562c5b8936c0_0;
    %cmpi/e 251, 0, 8;
    %jmp/0xz  T_9.22, 4;
    %pushi/vec4 151, 0, 10;
    %store/vec4 v0x562c5b8934a0_0, 0, 10;
    %pushi/vec4 1, 0, 5;
    %store/vec4 v0x562c5b893080_0, 0, 5;
    %jmp T_9.23;
T_9.22 ;
    %load/vec4 v0x562c5b8936c0_0;
    %cmpi/e 254, 0, 8;
    %jmp/0xz  T_9.24, 4;
    %pushi/vec4 535, 0, 10;
    %store/vec4 v0x562c5b8934a0_0, 0, 10;
    %pushi/vec4 1, 0, 5;
    %store/vec4 v0x562c5b893080_0, 0, 5;
    %jmp T_9.25;
T_9.24 ;
    %load/vec4 v0x562c5b8936c0_0;
    %cmpi/e 247, 0, 8;
    %jmp/0xz  T_9.26, 4;
    %pushi/vec4 87, 0, 10;
    %store/vec4 v0x562c5b8934a0_0, 0, 10;
    %pushi/vec4 1, 0, 5;
    %store/vec4 v0x562c5b893080_0, 0, 5;
T_9.26 ;
T_9.25 ;
T_9.23 ;
T_9.21 ;
    %load/vec4 v0x562c5b893600_0;
    %inv;
    %store/vec4 v0x562c5b893600_0, 0, 1;
    %pushi/vec4 1, 0, 1;
    %store/vec4 v0x562c5b8937d0_0, 0, 1;
    %pushi/vec4 1, 0, 1;
    %store/vec4 v0x562c5b892b80_0, 0, 1;
    %jmp T_9.6;
T_9.2 ;
    %vpi_call 6 125 "$display", "DATA_GO" {0 0 0};
    %load/vec4 v0x562c5b8936c0_0;
    %store/vec4 v0x562c5b892880_0, 0, 8;
    %callf/vec4 TD_testbench.tx_dut.ENCODE, S_0x562c5b892580;
    %store/vec4 v0x562c5b8934a0_0, 0, 10;
    %load/vec4 v0x562c5b893600_0;
    %inv;
    %store/vec4 v0x562c5b893600_0, 0, 1;
    %pushi/vec4 1, 0, 1;
    %store/vec4 v0x562c5b8937d0_0, 0, 1;
    %pushi/vec4 1, 0, 1;
    %store/vec4 v0x562c5b892b80_0, 0, 1;
    %pushi/vec4 1, 0, 5;
    %store/vec4 v0x562c5b893080_0, 0, 5;
    %jmp T_9.6;
T_9.3 ;
    %vpi_call 6 135 "$display", "IDLE DISPARITY TEST" {0 0 0};
    %pushi/vec4 1, 0, 1;
    %store/vec4 v0x562c5b893560_0, 0, 1;
    %load/vec4 v0x562c5b893560_0;
    %flag_set/vec4 8;
    %jmp/0xz  T_9.28, 8;
    %pushi/vec4 5, 0, 5;
    %store/vec4 v0x562c5b893080_0, 0, 5;
    %jmp T_9.29;
T_9.28 ;
    %pushi/vec4 4, 0, 5;
    %store/vec4 v0x562c5b893080_0, 0, 5;
T_9.29 ;
    %jmp T_9.6;
T_9.4 ;
    %vpi_call 6 145 "$display", "IDLE DISPARITY OK" {0 0 0};
    %pushi/vec4 773, 0, 10;
    %store/vec4 v0x562c5b8934a0_0, 0, 10;
    %pushi/vec4 1, 0, 1;
    %store/vec4 v0x562c5b893600_0, 0, 1;
    %pushi/vec4 1, 0, 1;
    %store/vec4 v0x562c5b892b80_0, 0, 1;
    %pushi/vec4 6, 0, 5;
    %store/vec4 v0x562c5b893080_0, 0, 5;
    %jmp T_9.6;
T_9.5 ;
    %vpi_call 6 153 "$display", "IDLE I2B" {0 0 0};
    %load/vec4 v0x562c5b8936c0_0;
    %cmpi/e 80, 0, 8;
    %jmp/0xz  T_9.30, 4;
    %pushi/vec4 581, 0, 10;
    %store/vec4 v0x562c5b8934a0_0, 0, 10;
    %pushi/vec4 1, 0, 5;
    %store/vec4 v0x562c5b893080_0, 0, 5;
T_9.30 ;
    %pushi/vec4 0, 0, 1;
    %store/vec4 v0x562c5b893600_0, 0, 1;
    %pushi/vec4 1, 0, 1;
    %store/vec4 v0x562c5b8937d0_0, 0, 1;
    %pushi/vec4 1, 0, 1;
    %store/vec4 v0x562c5b892b80_0, 0, 1;
    %jmp T_9.6;
T_9.6 ;
    %pop/vec4 1;
    %jmp T_9;
    .thread T_9, $push;
    .scope S_0x562c5b854c50;
T_10 ;
    %pushi/vec4 0, 0, 1;
    %store/vec4 v0x562c5b891420_0, 0, 1;
    %delay 1, 0;
    %pushi/vec4 1, 0, 1;
    %store/vec4 v0x562c5b891420_0, 0, 1;
    %delay 1, 0;
    %jmp T_10;
    .thread T_10;
    .scope S_0x562c5b854c50;
T_11 ;
    %pushi/vec4 0, 0, 1;
    %store/vec4 v0x562c5b891690_0, 0, 1;
    %delay 1, 0;
    %delay 1, 0;
    %delay 1, 0;
    %delay 1, 0;
    %delay 1, 0;
    %delay 1, 0;
    %delay 1, 0;
    %delay 1, 0;
    %pushi/vec4 0, 0, 1;
    %store/vec4 v0x562c5b8914f0_0, 0, 1;
    %pushi/vec4 0, 0, 1;
    %store/vec4 v0x562c5b8918f0_0, 0, 1;
    %pushi/vec4 0, 0, 1;
    %store/vec4 v0x562c5b891820_0, 0, 1;
    %pushi/vec4 1, 0, 1;
    %store/vec4 v0x562c5b891690_0, 0, 1;
    %pushi/vec4 1, 0, 1;
    %store/vec4 v0x562c5b891e20_0, 0, 1;
    %delay 1, 0;
    %delay 1, 0;
    %pushi/vec4 1, 0, 1;
    %store/vec4 v0x562c5b8918f0_0, 0, 1;
    %pushi/vec4 1, 0, 1;
    %store/vec4 v0x562c5b891820_0, 0, 1;
    %pushi/vec4 188, 0, 8;
    %store/vec4 v0x562c5b8915c0_0, 0, 8;
    %delay 48, 0;
    %pushi/vec4 80, 0, 8;
    %store/vec4 v0x562c5b8915c0_0, 0, 8;
    %delay 48, 0;
    %pushi/vec4 188, 0, 8;
    %store/vec4 v0x562c5b8915c0_0, 0, 8;
    %delay 48, 0;
    %pushi/vec4 80, 0, 8;
    %store/vec4 v0x562c5b8915c0_0, 0, 8;
    %delay 48, 0;
    %pushi/vec4 188, 0, 8;
    %store/vec4 v0x562c5b8915c0_0, 0, 8;
    %delay 48, 0;
    %pushi/vec4 80, 0, 8;
    %store/vec4 v0x562c5b8915c0_0, 0, 8;
    %delay 48, 0;
    %pushi/vec4 251, 0, 8;
    %store/vec4 v0x562c5b8915c0_0, 0, 8;
    %delay 48, 0;
    %pushi/vec4 3, 0, 8;
    %store/vec4 v0x562c5b8915c0_0, 0, 8;
    %delay 48, 0;
    %pushi/vec4 2, 0, 8;
    %store/vec4 v0x562c5b8915c0_0, 0, 8;
    %delay 48, 0;
    %pushi/vec4 66, 0, 8;
    %store/vec4 v0x562c5b8915c0_0, 0, 8;
    %delay 48, 0;
    %pushi/vec4 1, 0, 8;
    %store/vec4 v0x562c5b8915c0_0, 0, 8;
    %delay 48, 0;
    %pushi/vec4 0, 0, 8;
    %store/vec4 v0x562c5b8915c0_0, 0, 8;
    %delay 48, 0;
    %pushi/vec4 0, 0, 1;
    %store/vec4 v0x562c5b891690_0, 0, 1;
    %pushi/vec4 253, 0, 8;
    %store/vec4 v0x562c5b8915c0_0, 0, 8;
    %pushi/vec4 247, 0, 8;
    %store/vec4 v0x562c5b8915c0_0, 0, 8;
    %delay 48, 0;
    %delay 400, 0;
    %pushi/vec4 0, 0, 1;
    %store/vec4 v0x562c5b891690_0, 0, 1;
    %pushi/vec4 0, 0, 1;
    %store/vec4 v0x562c5b8914f0_0, 0, 1;
    %delay 1, 0;
    %delay 1, 0;
    %delay 1, 0;
    %delay 1, 0;
    %delay 1, 0;
    %delay 1, 0;
    %vpi_call 5 97 "$finish" {0 0 0};
    %end;
    .thread T_11;
    .scope S_0x562c5b7de5d0;
T_12 ;
    %vpi_call 3 23 "$dumpfile", "testbench.vcd" {0 0 0};
    %vpi_call 3 24 "$dumpvars" {0 0 0};
    %end;
    .thread T_12;
# The file index is used to find the file name in the following table.
:file_names 7;
    "N/A";
    "<interactive>";
    "./encode_8b10b.v";
    "testbench.v";
    "././transmit.v";
    "././tester.v";
    "././encode_transmission.v";
